<?xml version="1.0" encoding="UTF-8"?>
<!-- Generated by org.testng.reporters.JUnitReportReporter -->
<testsuite hostname="inlen8520028059" failures="0" tests="1" name="com.userapi.PostTest" time="0.013" errors="0" timestamp="2024-02-22T12:36:08 IST" skipped="0">
  <testcase classname="com.userapi.PostTest" name="checkPostStatusTest" time="0.013"/>
  <system-out/>
</testsuite> <!-- com.userapi.PostTest -->
