<?xml version="1.0" encoding="UTF-8"?>
<!-- Generated by org.testng.reporters.JUnitReportReporter -->
<testsuite hostname="inlen8520028059" failures="0" tests="1" name="com.userapi.UserApiTest" time="3.435" errors="0" timestamp="2024-02-22T12:19:13 IST" skipped="0">
  <testcase classname="com.userapi.UserApiTest" name="GetUserDetails" time="3.435"/>
  <system-out/>
</testsuite> <!-- com.userapi.UserApiTest -->
